make all --print-data-base --no-builtin-variables --no-builtin-rules --question
make: *** No rule to make target 'all'.  Stop.

# GNU Make 4.2.1
# Built for x86_64-pc-linux-gnu
# Copyright (C) 1988-2016 Free Software Foundation, Inc.
# License GPLv3+: GNU GPL version 3 or later <http://gnu.org/licenses/gpl.html>
# This is free software: you are free to change and redistribute it.
# There is NO WARRANTY, to the extent permitted by law.

# Make data base, printed on Sat Aug  6 23:34:14 2022

# Variables

# automatic
<D = $(patsubst %/,%,$(dir $<))
# automatic
?F = $(notdir $?)
# environment
PAPERSIZE = letter
# environment
DESKTOP_SESSION = pantheon
# default
.SHELLFLAGS := -c
# environment
XDG_SESSION_CLASS = user
# environment
XDG_SESSION_TYPE = x11
# automatic
?D = $(patsubst %/,%,$(dir $?))
# automatic
@D = $(patsubst %/,%,$(dir $@))
# environment
XAUTHORITY = /home/bbabb/.Xauthority
# environment
GDMSESSION = pantheon
# environment
XMODIFIERS = @im=ibus
# makefile
CURDIR := /home/bbabb/Documents/git/commons
# makefile
SHELL = /bin/sh
# environment
GDM_LANG = en_US
# environment
VSCODE_NLS_CONFIG = {"locale":"en-us","availableLanguages":{},"_languagePackSupport":true}
# environment
XDG_CONFIG_DIRS = /etc/xdg/xdg-pantheon:/etc/xdg
# makefile (from 'Makefile', line 1)
MAKEFILE_LIST :=  Makefile
# automatic
@F = $(notdir $@)
# environment
GIO_LAUNCHED_DESKTOP_FILE = /usr/share/applications/code.desktop
# 'override' directive
GNUMAKEFLAGS := 
# environment
MAKELEVEL := 0
# environment
XDG_DATA_DIRS = /usr/share/gnome:/usr/share/pantheon:/home/bbabb/.local/share/flatpak/exports/share:/var/lib/flatpak/exports/share:/usr/local/share:/usr/share:/var/lib/snapd/desktop
# environment
VSCODE_AMD_ENTRYPOINT = vs/workbench/api/node/extensionHostProcess
# environment
DBUS_SESSION_BUS_ADDRESS = unix:path=/run/user/1000/bus
# environment
LC_NAME = en_US.UTF-8
# environment
VSCODE_CWD = /home/bbabb
# environment
GOPROXY = https://proxy.golang.org,direct
# environment
QT_STYLE_OVERRIDE = adwaita
# environment
FLUTTERPATH = /home/bbabb/snap/flutter/common/flutter
# environment
XDG_SESSION_PATH = /org/freedesktop/DisplayManager/Session0
# environment
ANDROID_SDK = /home/bbabb/Android/Sdk
# default
MAKE_HOST := x86_64-pc-linux-gnu
# environment
PATH = /usr/local/sbin:/usr/local/bin:/usr/sbin:/usr/bin:/sbin:/bin:/usr/games:/usr/local/games:/snap/bin:/home/bbabb/go/bin:/home/bbabb/snap/flutter/common/flutter/bin:/home/bbabb/Android/Sdk/tools/bin
# makefile (from 'Makefile', line 1)
makefile_dir := /home/bbabb/Documents/git/commons
# environment
GPG_AGENT_INFO = /run/user/1000/gnupg/S.gpg-agent:0:1
# environment
SESSION_MANAGER = local/B450IAORUSPROWIFI77d641bf:@/tmp/.ICE-unix/3693,unix/B450IAORUSPROWIFI77d641bf:/tmp/.ICE-unix/3693
# environment
XDG_RUNTIME_DIR = /run/user/1000
# environment
GOPATH = /home/bbabb/go
# environment
XDG_MENU_PREFIX = gnome-
# environment
ELECTRON_RUN_AS_NODE = 1
# default
.FEATURES := target-specific order-only second-expansion else-if shortest-stem undefine oneshell archives jobserver output-sync check-symlink load
# environment
XDG_GREETER_DATA_DIR = /var/lib/lightdm-data/bbabb
# environment
XDG_SESSION_DESKTOP = pantheon
# environment
SSH_AUTH_SOCK = /run/user/1000/keyring/ssh
# environment
GIO_LAUNCHED_DESKTOP_FILE_PID = 6470
# automatic
%F = $(notdir $%)
# environment
DISPLAY = :0
# environment
PWD = /home/bbabb/Documents/git/commons
# environment
QT_QPA_PLATFORMTHEME = gtk3
# default
.LOADED := 
 
# environment
SSH_AGENT_PID = 3792
# environment
ORIGINAL_XDG_CURRENT_DESKTOP = Pantheon
# environment
GTK_MODULES = gail:atk-bridge
# environment
GOMODCACHE = /home/bbabb/go/pkg/mod
# environment
HOME = /home/bbabb
# environment
VSCODE_CODE_CACHE_PATH = /home/bbabb/.config/Code/CachedData/3b889b090b5ad5793f524b5d1d39fda662b96a2a
# environment
LOGNAME = bbabb
# environment
APPLICATION_INSIGHTS_NO_DIAGNOSTIC_CHANNEL = true
# automatic
+F = $(notdir $+)
# environment
VSCODE_HANDLES_UNCAUGHT_ERRORS = true
# environment
GNOME_DESKTOP_SESSION_ID = this-is-deprecated
# automatic
^D = $(patsubst %/,%,$(dir $^))
# environment
LC_TIME = en_US.UTF-8
# default
MAKE = $(MAKE_COMMAND)
# default
MAKECMDGOALS := all
# environment
QT_IM_MODULE = ibus
# environment
SHLVL = 1
# default
MAKE_VERSION := 4.2.1
# environment
USER = bbabb
# environment
LC_MONETARY = en_US.UTF-8
# makefile
.DEFAULT_GOAL := list
# environment
XDG_CURRENT_DESKTOP = Unity
# automatic
%D = $(patsubst %/,%,$(dir $%))
# environment
LC_TELEPHONE = en_US.UTF-8
# default
MAKE_COMMAND := make
# default
.VARIABLES := 
# automatic
*F = $(notdir $*)
# environment
LANGUAGE = en_US
# environment
XDG_SEAT_PATH = /org/freedesktop/DisplayManager/Seat0
# environment
VSCODE_IPC_HOOK = /run/user/1000/vscode-3eedf267-1.69.2-main.sock
# makefile
MAKEFLAGS = pqrR
# environment
MFLAGS = -pqrR
# automatic
*D = $(patsubst %/,%,$(dir $*))
# automatic
+D = $(patsubst %/,%,$(dir $+))
# environment
GDK_BACKEND = x11
# environment
LC_PAPER = en_US.UTF-8
# environment
QT_ACCESSIBILITY = 1
 
# 'override' directive
.SHELLSTATUS := 0
# default
MAKEFILES := 
# environment
LC_NUMERIC = en_US.UTF-8
# automatic
<F = $(notdir $<)
# environment
LC_MEASUREMENT = en_US.UTF-8
# environment
LC_ALL = C
# automatic
^F = $(notdir $^)
# default
SUFFIXES := 
# environment
CHROME_DESKTOP = code-url-handler.desktop
# default
.INCLUDE_DIRS = /usr/include /usr/local/include /usr/include
# environment
LC_IDENTIFICATION = en_US.UTF-8
# default
.RECIPEPREFIX := 
# environment
LC_ADDRESS = en_US.UTF-8
# environment
LANG = C
# environment
VSCODE_PID = 6470
# variable set hash-table stats:
# Load=103/1024=10%, Rehash=0, Collisions=10/131=8%

# Pattern-specific Variable Values

# No pattern-specific variable values.

# Directories

# . (device 64768, inode 41163579): 17 files, no impossibilities.

# 17 files, no impossibilities in 1 directories.

# Implicit Rules

# No implicit rules.

# Files

# Not a target:
all:
#  Command line target.
#  Implicit rule search has been done.
#  File does not exist.
#  File has not been updated.

.PHONY: list bootstrap init build
#  Implicit rule search has not been done.
#  Modification time never checked.
#  File has not been updated.

process:
#  Implicit rule search has not been done.
#  Modification time never checked.
#  File has not been updated.
#  recipe to execute (from 'Makefile', line 9):
	go generate ./...

commit:
#  Implicit rule search has not been done.
#  Modification time never checked.
#  File has not been updated.
#  recipe to execute (from 'Makefile', line 15):
	git add . || true
	git commit -m "$(m)"
	git push origin master

# Not a target:
Makefile:
#  Implicit rule search has been done.
#  Last modified 2022-06-23 17:58:22.190425715
#  File has been updated.
 
#  Successfully updated.

bootstrap:
#  Phony target (prerequisite of .PHONY).
#  Implicit rule search has not been done.
#  File does not exist.
#  File has not been updated.

test: process
#  Implicit rule search has not been done.
#  Modification time never checked.
#  File has not been updated.
#  recipe to execute (from 'Makefile', line 12):
	go test ./...

build:
#  Phony target (prerequisite of .PHONY).
#  Implicit rule search has not been done.
#  File does not exist.
#  File has not been updated.

tag:
#  Implicit rule search has not been done.
#  Modification time never checked.
#  File has not been updated.
#  recipe to execute (from 'Makefile', line 20):
	git tag -a $(tag) -m "$(tag)"
	git push origin $(tag)

# Not a target:
.DEFAULT:
#  Implicit rule search has not been done.
#  Modification time never checked.
#  File has not been updated.

publish: process
#  Implicit rule search has not been done.
#  Modification time never checked.
#  File has not been updated.
#  recipe to execute (from 'Makefile', line 24):
	make commit -m $(tag)
	make tag -tag $(tag)

list:
#  Phony target (prerequisite of .PHONY).
#  Implicit rule search has not been done.
#  File does not exist.
#  File has not been updated.
#  recipe to execute (from 'Makefile', line 6):
	@grep '^[^#[:space:]].*:' Makefile | grep -v ':=' | grep -v '^\.' | sed 's/:.*//g' | sed 's/://g' | sort

init:
#  Phony target (prerequisite of .PHONY).
#  Implicit rule search has not been done.
#  File does not exist.
#  File has not been updated.
 

# files hash-table stats:
# Load=14/1024=1%, Rehash=0, Collisions=0/31=0%
# VPATH Search Paths

# No 'vpath' search paths.

# No general ('VPATH' variable) search path.

# strcache buffers: 1 (0) / strings = 32 / storage = 240 B / avg = 7 B
# current buf: size = 8162 B / used = 240 B / count = 32 / avg = 7 B

# strcache performance: lookups = 46 / hit rate = 30%
# hash-table stats:
# Load=32/8192=0%, Rehash=0, Collisions=1/46=2%
# Finished Make data base on Sat Aug  6 23:34:14 2022

 
